<?xml version="1.0" encoding="UTF-8"?>
<!-- Generated by org.testng.reporters.JUnitReportReporter -->
<testsuite hostname="LAPTOP-UV3PJU31" failures="0" tests="9" name="runners.CucumberRunner" time="286.758" errors="0" timestamp="2024-11-12T23:33:52 IST" skipped="0">
  <testcase classname="runners.CucumberRunner" name="runScenario" time="49.181">
    <system-out>
      <![CDATA[Pop up handled
Browser Launched
User clicked the Homestays and villas link
User is navigated to Homestays and villas page
User is able to select the city lable option
User is able to set the city name
User selected the check in date
User is able to click on check out option
User selected the check out date
user clicks the apply button
user is clicks the search button
user navigates to the banglore properties page
User clicked the propperty Page
User is navigated to the propperty Page
User clicked the Book Now Button
User is navigated to the Review your Booking Page
User is able to scroll to the Agreement link
User clicked the Agreement link
User navigated to the Agreement Between User and MakeMyTrip page]]>
    </system-out>
  </testcase> <!-- runScenario -->
  <testcase classname="runners.CucumberRunner" name="runScenario" time="30.438">
    <system-out>
      <![CDATA[Pop up handled
Browser Launched
User clicked the Homestays and villas link
User is navigated to Homestays and villas page
User is able to select the city lable option
User is able to set the city name
User selected the check in date
User is able to click on check out option
User selected the check out date
user clicks the apply button
user is clicks the search button
user navigates to the banglore properties page
User clicked the check out option
User upadated the check out date]]>
    </system-out>
  </testcase> <!-- runScenario -->
  <testcase classname="runners.CucumberRunner" name="runScenario" time="27.621">
    <system-out>
      <![CDATA[Pop up handled
Browser Launched
User clicked the Homestays and villas link
User is navigated to Homestays and villas page
User is able to select the city lable option
User is able to set the city name
User selected the check in date
User is able to click on check out option
User selected the check out date
user clicks the apply button
user is clicks the search button
Popular option selected]]>
    </system-out>
  </testcase> <!-- runScenario -->
  <testcase classname="runners.CucumberRunner" name="runScenario" time="28.680">
    <system-out>
      <![CDATA[Pop up handled
Browser Launched
User clicked the Homestays and villas link
User is navigated to Homestays and villas page
User is able to select the city lable option
User is able to set the city name
User selected the check in date
User is able to click on check out option
User selected the check out date
user clicks the apply button
user is clicks the search button
user navigates to the banglore properties page
User is able to click on the INR button
User is able to choose Indian Rupee option]]>
    </system-out>
  </testcase> <!-- runScenario -->
  <testcase classname="runners.CucumberRunner" name="runScenario" time="27.568">
    <system-out>
      <![CDATA[Pop up handled
Browser Launched
User clicked the Homestays and villas link
User is navigated to Homestays and villas page
User is able to select the city lable option
User is able to set the city name
User selected the check in date
User is able to click on check out option
User selected the check out date
user clicks the apply button
user is clicks the search button
Price (Highest First) option selected]]>
    </system-out>
  </testcase> <!-- runScenario -->
  <testcase classname="runners.CucumberRunner" name="runScenario" time="29.316">
    <system-out>
      <![CDATA[Pop up handled
Browser Launched
User clicked the Homestays and villas link
User is navigated to Homestays and villas page
User is able to select the city lable option
User is able to set the city name
User selected the check in date
User is able to click on check out option
User selected the check out date
user clicks the apply button
user is clicks the search button
user navigates to the banglore properties page
User clicked on the Explore Maps option
Map view is displayed
User seen the location
Closed the map]]>
    </system-out>
  </testcase> <!-- runScenario -->
  <testcase classname="runners.CucumberRunner" name="runScenario" time="29.264">
    <system-out>
      <![CDATA[Pop up handled
Browser Launched
User clicked the Homestays and villas link
User is navigated to Homestays and villas page
User is able to select the city lable option
User is able to set the city name
User selected the check in date
User is able to click on check out option
User selected the check out date
user clicks the apply button
user is clicks the search button
Price (Lowest First) option selected]]>
    </system-out>
  </testcase> <!-- runScenario -->
  <testcase classname="runners.CucumberRunner" name="runScenario" time="35.530">
    <system-out>
      <![CDATA[Pop up handled
Browser Launched
User clicked the Homestays and villas link
User is navigated to Homestays and villas page
User is able to select the city lable option
User is able to set the city name
User selected the check in date
User is able to click on check out option
User selected the check out date
user clicks the apply button
user is clicks the search button
Price option selected
User clicked the property
user is navigated to the next page
user is navigated to the next page]]>
    </system-out>
  </testcase> <!-- runScenario -->
  <testcase classname="runners.CucumberRunner" name="runScenario" time="29.160">
    <system-out>
      <![CDATA[Pop up handled
Browser Launched
User clicked the Homestays and villas link
User is navigated to Homestays and villas page
User is able to select the city lable option
User is able to set the city name
User selected the check in date
User is able to click on check out option
User selected the check out date
user clicks the apply button
user is clicks the search button
Rating option selected]]>
    </system-out>
  </testcase> <!-- runScenario -->
  <system-out>
    <![CDATA[Pop up handled
Browser Launched
User clicked the Homestays and villas link
User is navigated to Homestays and villas page
User is able to select the city lable option
User is able to set the city name
User selected the check in date
User is able to click on check out option
User selected the check out date
user clicks the apply button
user is clicks the search button
user navigates to the banglore properties page
User clicked the propperty Page
User is navigated to the propperty Page
User clicked the Book Now Button
User is navigated to the Review your Booking Page
User is able to scroll to the Agreement link
User clicked the Agreement link
User navigated to the Agreement Between User and MakeMyTrip page
Pop up handled
Browser Launched
User clicked the Homestays and villas link
User is navigated to Homestays and villas page
User is able to select the city lable option
User is able to set the city name
User selected the check in date
User is able to click on check out option
User selected the check out date
user clicks the apply button
user is clicks the search button
user navigates to the banglore properties page
User clicked on the Explore Maps option
Map view is displayed
User seen the location
Closed the map
Pop up handled
Browser Launched
User clicked the Homestays and villas link
User is navigated to Homestays and villas page
User is able to select the city lable option
User is able to set the city name
User selected the check in date
User is able to click on check out option
User selected the check out date
user clicks the apply button
user is clicks the search button
Price option selected
User clicked the property
user is navigated to the next page
user is navigated to the next page
Pop up handled
Browser Launched
User clicked the Homestays and villas link
User is navigated to Homestays and villas page
User is able to select the city lable option
User is able to set the city name
User selected the check in date
User is able to click on check out option
User selected the check out date
user clicks the apply button
user is clicks the search button
user navigates to the banglore properties page
User is able to click on the INR button
User is able to choose Indian Rupee option
Pop up handled
Browser Launched
User clicked the Homestays and villas link
User is navigated to Homestays and villas page
User is able to select the city lable option
User is able to set the city name
User selected the check in date
User is able to click on check out option
User selected the check out date
user clicks the apply button
user is clicks the search button
user navigates to the banglore properties page
User clicked the check out option
User upadated the check out date
Pop up handled
Browser Launched
User clicked the Homestays and villas link
User is navigated to Homestays and villas page
User is able to select the city lable option
User is able to set the city name
User selected the check in date
User is able to click on check out option
User selected the check out date
user clicks the apply button
user is clicks the search button
Popular option selected
Pop up handled
Browser Launched
User clicked the Homestays and villas link
User is navigated to Homestays and villas page
User is able to select the city lable option
User is able to set the city name
User selected the check in date
User is able to click on check out option
User selected the check out date
user clicks the apply button
user is clicks the search button
Rating option selected
Pop up handled
Browser Launched
User clicked the Homestays and villas link
User is navigated to Homestays and villas page
User is able to select the city lable option
User is able to set the city name
User selected the check in date
User is able to click on check out option
User selected the check out date
user clicks the apply button
user is clicks the search button
Price (Highest First) option selected
Pop up handled
Browser Launched
User clicked the Homestays and villas link
User is navigated to Homestays and villas page
User is able to select the city lable option
User is able to set the city name
User selected the check in date
User is able to click on check out option
User selected the check out date
user clicks the apply button
user is clicks the search button
Price (Lowest First) option selected]]>
  </system-out>
</testsuite> <!-- runners.CucumberRunner -->
