<?xml version="1.0" encoding="UTF-8"?>
<!-- Generated by org.testng.reporters.JUnitReportReporter -->
<testsuite hostname="LAPTOP-UV3PJU31" failures="0" tests="9" name="com.runners.CucumberRunner" time="300.096" errors="0" timestamp="2024-11-17T21:16:38 IST" skipped="0">
  <testcase classname="com.runners.CucumberRunner" name="runScenario" time="30.180">
    <system-out>
      <![CDATA[Pop up handled
Browser Launched
User clicked the Homestays and villas link
User is navigated to Homestays and villas page
User is able to select the city lable option
User selected the city name
User selected the check in date
User selected the check out date
User is Selected the Guests Count
user clicks the apply button
user is clicks the search button
user navigates to the banglore properties page
User clicked the check out option
User upadated the check out date]]>
    </system-out>
  </testcase> <!-- runScenario -->
  <testcase classname="com.runners.CucumberRunner" name="runScenario" time="31.104">
    <system-out>
      <![CDATA[Pop up handled
Browser Launched
User clicked the Homestays and villas link
User is navigated to Homestays and villas page
User is able to select the city lable option
User selected the city name
User selected the check in date
User selected the check out date
User is Selected the Guests Count
user clicks the apply button
user is clicks the search button
user navigates to the banglore properties page
Rating option selected]]>
    </system-out>
  </testcase> <!-- runScenario -->
  <testcase classname="com.runners.CucumberRunner" name="runScenario" time="35.735">
    <system-out>
      <![CDATA[Pop up handled
Browser Launched
User clicked the Homestays and villas link
User is navigated to Homestays and villas page
User is able to select the city lable option
User selected the city name
User selected the check in date
User selected the check out date
User is Selected the Guests Count
user clicks the apply button
user is clicks the search button
user navigates to the banglore properties page
User clicked on the Explore Maps option
Map view is displayed
User seen the location
Closed the map]]>
    </system-out>
  </testcase> <!-- runScenario -->
  <testcase classname="com.runners.CucumberRunner" name="runScenario" time="37.006">
    <system-out>
      <![CDATA[Pop up handled
Browser Launched
User clicked the Homestays and villas link
User is navigated to Homestays and villas page
User is able to select the city lable option
User selected the city name
User selected the check in date
User selected the check out date
User is Selected the Guests Count
user clicks the apply button
user is clicks the search button
user navigates to the banglore properties page
User is able to click on the INR button
User is able to choose Indian Rupee option]]>
    </system-out>
  </testcase> <!-- runScenario -->
  <testcase classname="com.runners.CucumberRunner" name="runScenario" time="29.445">
    <system-out>
      <![CDATA[Pop up handled
Browser Launched
User clicked the Homestays and villas link
User is navigated to Homestays and villas page
User is able to select the city lable option
User selected the city name
User selected the check in date
User selected the check out date
User is Selected the Guests Count
user clicks the apply button
user is clicks the search button
user navigates to the banglore properties page
Price (Lowest First) option selected]]>
    </system-out>
  </testcase> <!-- runScenario -->
  <testcase classname="com.runners.CucumberRunner" name="runScenario" time="29.502">
    <system-out>
      <![CDATA[Pop up handled
Browser Launched
User clicked the Homestays and villas link
User is navigated to Homestays and villas page
User is able to select the city lable option
User selected the city name
User selected the check in date
User selected the check out date
User is Selected the Guests Count
user clicks the apply button
user is clicks the search button
user navigates to the banglore properties page
Price (Highest First) option selected]]>
    </system-out>
  </testcase> <!-- runScenario -->
  <testcase classname="com.runners.CucumberRunner" name="runScenario" time="39.587">
    <system-out>
      <![CDATA[Pop up handled
Browser Launched
User clicked the Homestays and villas link
User is navigated to Homestays and villas page
User is able to select the city lable option
User selected the city name
User selected the check in date
User selected the check out date
User is Selected the Guests Count
user clicks the apply button
user is clicks the search button
user navigates to the banglore properties page
User is selected the filters
User navigated to the Searching Property]]>
    </system-out>
  </testcase> <!-- runScenario -->
  <testcase classname="com.runners.CucumberRunner" name="runScenario" time="35.868">
    <system-out>
      <![CDATA[Pop up handled
Browser Launched
User clicked the Homestays and villas link
User is navigated to Homestays and villas page
User is able to select the city lable option
User selected the city name
User selected the check in date
User selected the check out date
User is Selected the Guests Count
user clicks the apply button
user is clicks the search button
user navigates to the banglore properties page
Price option selected
User clicked the property
User is navigated to the next page]]>
    </system-out>
  </testcase> <!-- runScenario -->
  <testcase classname="com.runners.CucumberRunner" name="runScenario" time="31.669">
    <system-out>
      <![CDATA[Pop up handled
Browser Launched
User clicked the Homestays and villas link
User is navigated to Homestays and villas page
User is able to select the city lable option
User selected the city name
User selected the check in date
User selected the check out date
User is Selected the Guests Count
user clicks the apply button
user is clicks the search button
user navigates to the banglore properties page
Popular option selected]]>
    </system-out>
  </testcase> <!-- runScenario -->
  <system-out>
    <![CDATA[Pop up handled
Browser Launched
User clicked the Homestays and villas link
User is navigated to Homestays and villas page
User is able to select the city lable option
User selected the city name
User selected the check in date
User selected the check out date
User is Selected the Guests Count
user clicks the apply button
user is clicks the search button
user navigates to the banglore properties page
User is able to click on the INR button
User is able to choose Indian Rupee option
Pop up handled
Browser Launched
User clicked the Homestays and villas link
User is navigated to Homestays and villas page
User is able to select the city lable option
User selected the city name
User selected the check in date
User selected the check out date
User is Selected the Guests Count
user clicks the apply button
user is clicks the search button
user navigates to the banglore properties page
User clicked the check out option
User upadated the check out date
Pop up handled
Browser Launched
User clicked the Homestays and villas link
User is navigated to Homestays and villas page
User is able to select the city lable option
User selected the city name
User selected the check in date
User selected the check out date
User is Selected the Guests Count
user clicks the apply button
user is clicks the search button
user navigates to the banglore properties page
Popular option selected
Pop up handled
Browser Launched
User clicked the Homestays and villas link
User is navigated to Homestays and villas page
User is able to select the city lable option
User selected the city name
User selected the check in date
User selected the check out date
User is Selected the Guests Count
user clicks the apply button
user is clicks the search button
user navigates to the banglore properties page
Rating option selected
Pop up handled
Browser Launched
User clicked the Homestays and villas link
User is navigated to Homestays and villas page
User is able to select the city lable option
User selected the city name
User selected the check in date
User selected the check out date
User is Selected the Guests Count
user clicks the apply button
user is clicks the search button
user navigates to the banglore properties page
Price (Highest First) option selected
Pop up handled
Browser Launched
User clicked the Homestays and villas link
User is navigated to Homestays and villas page
User is able to select the city lable option
User selected the city name
User selected the check in date
User selected the check out date
User is Selected the Guests Count
user clicks the apply button
user is clicks the search button
user navigates to the banglore properties page
Price (Lowest First) option selected
Pop up handled
Browser Launched
User clicked the Homestays and villas link
User is navigated to Homestays and villas page
User is able to select the city lable option
User selected the city name
User selected the check in date
User selected the check out date
User is Selected the Guests Count
user clicks the apply button
user is clicks the search button
user navigates to the banglore properties page
User clicked on the Explore Maps option
Map view is displayed
User seen the location
Closed the map
Pop up handled
Browser Launched
User clicked the Homestays and villas link
User is navigated to Homestays and villas page
User is able to select the city lable option
User selected the city name
User selected the check in date
User selected the check out date
User is Selected the Guests Count
user clicks the apply button
user is clicks the search button
user navigates to the banglore properties page
User is selected the filters
User navigated to the Searching Property
Pop up handled
Browser Launched
User clicked the Homestays and villas link
User is navigated to Homestays and villas page
User is able to select the city lable option
User selected the city name
User selected the check in date
User selected the check out date
User is Selected the Guests Count
user clicks the apply button
user is clicks the search button
user navigates to the banglore properties page
Price option selected
User clicked the property
User is navigated to the next page]]>
  </system-out>
</testsuite> <!-- com.runners.CucumberRunner -->
